<?xml version="1.0" encoding="UTF-8"?>
<mule xmlns="http://www.mulesoft.org/schema/mule/core"
      xmlns:xsi="http://www.w3.org/2001/XMLSchema-instance"
      xmlns:vm="http://www.mulesoft.org/schema/mule/vm"
      xsi:schemaLocation="http://www.mulesoft.org/schema/mule/core http://www.mulesoft.org/schema/mule/core/3.4/mule.xsd
        http://www.mulesoft.org/schema/mule/vm http://www.mulesoft.org/schema/mule/vm/3.4/mule-vm.xsd">

    <vm:connector name="vmConnector" />

    <model>
        <service name="fileService">
            <inbound>
                <vm:inbound-endpoint path="jalla" />
            </inbound>
            <outbound>
                <pass-through-router>
                    <vm:outbound-endpoint path="target/data/out"/>
                </pass-through-router>
            </outbound>
        </service>
    </model>

</mule>
